2021-04-08 22:51:49,743:INFO:PyCaret Supervised Module
2021-04-08 22:51:49,743:INFO:ML Usecase: classification
2021-04-08 22:51:49,744:INFO:version 2.3.0
2021-04-08 22:51:49,744:INFO:Initializing setup()
2021-04-08 22:51:49,744:INFO:setup(target=Churn, ml_usecase=classification, available_plots={'parameter': 'Hyperparameters', 'auc': 'AUC', 'confusion_matrix': 'Confusion Matrix', 'threshold': 'Threshold', 'pr': 'Precision Recall', 'error': 'Prediction Error', 'class_report': 'Class Report', 'rfe': 'Feature Selection', 'learning': 'Learning Curve', 'manifold': 'Manifold Learning', 'calibration': 'Calibration Curve', 'vc': 'Validation Curve', 'dimension': 'Dimensions', 'feature': 'Feature Importance', 'feature_all': 'Feature Importance (All)', 'boundary': 'Decision Boundary', 'lift': 'Lift Chart', 'gain': 'Gain Chart', 'tree': 'Decision Tree'}, train_size=0.7, test_data=None, preprocess=True, imputation_type=simple, iterative_imputation_iters=5, categorical_features=None, categorical_imputation=constant, categorical_iterative_imputer=lightgbm, ordinal_features=None, high_cardinality_features=None, high_cardinality_method=frequency, numeric_features=None, numeric_imputation=mean, numeric_iterative_imputer=lightgbm, date_features=None, ignore_features=None, normalize=False, normalize_method=zscore, transformation=False, transformation_method=yeo-johnson, handle_unknown_categorical=True, unknown_categorical_method=least_frequent, pca=False, pca_method=linear, pca_components=None, ignore_low_variance=False, combine_rare_levels=False, rare_level_threshold=0.1, bin_numeric_features=None, remove_outliers=False, outliers_threshold=0.05, remove_multicollinearity=False, multicollinearity_threshold=0.9, remove_perfect_collinearity=True, create_clusters=False, cluster_iter=20, polynomial_features=False, polynomial_degree=2, trigonometry_features=False, polynomial_threshold=0.1, group_features=None, group_names=None, feature_selection=False, feature_selection_threshold=0.8, feature_selection_method=classic, feature_interaction=False, feature_ratio=False, interaction_threshold=0.01, fix_imbalance=False, fix_imbalance_method=None, transform_target=False, transform_target_method=box-cox, data_split_shuffle=True, data_split_stratify=False, fold_strategy=stratifiedkfold, fold=10, fold_shuffle=False, fold_groups=None, n_jobs=-1, use_gpu=False, custom_pipeline=None, html=True, session_id=123, log_experiment=False, experiment_name=None, log_plots=False, log_profile=False, log_data=False, silent=True, verbose=True, profile=False, profile_kwargs=None, display=None)
2021-04-08 22:51:49,745:INFO:Checking environment
2021-04-08 22:51:49,745:INFO:python_version: 3.8.3
2021-04-08 22:51:49,745:INFO:python_build: ('default', 'Jul  2 2020 17:30:36')
2021-04-08 22:51:49,745:INFO:machine: AMD64
2021-04-08 22:51:49,746:INFO:platform: Windows-10-10.0.19041-SP0
2021-04-08 22:51:49,746:INFO:Memory: svmem(total=8473792512, available=2785767424, percent=67.1, used=5688025088, free=2785767424)
2021-04-08 22:51:49,746:INFO:Physical Core: 4
2021-04-08 22:51:49,747:INFO:Logical Core: 8
2021-04-08 22:51:49,747:INFO:Checking libraries
2021-04-08 22:51:49,747:INFO:pd==1.0.3
2021-04-08 22:51:49,747:INFO:numpy==1.19.5
2021-04-08 22:51:49,747:INFO:sklearn==0.23.2
2021-04-08 22:51:49,747:INFO:lightgbm==3.1.1
2021-04-08 22:51:49,769:INFO:catboost==0.24.4
2021-04-08 22:51:49,769:INFO:xgboost==1.1.1
2021-04-08 22:51:52,166:INFO:mlflow==1.13.1
2021-04-08 22:51:52,167:INFO:Checking Exceptions
2021-04-08 22:51:52,168:INFO:Declaring global variables
2021-04-08 22:51:52,168:INFO:USI: cfb7
2021-04-08 22:51:52,168:INFO:pycaret_globals: {'fold_generator', 'experiment__', 'pycaret_globals', 'log_plots_param', 'fix_imbalance_method_param', 'gpu_param', 'USI', '_available_plots', 'fold_groups_param', 'y_train', 'y', 'iterative_imputation_iters_param', 'X_train', 'fold_param', 'master_model_container', 'X', '_ml_usecase', '_internal_pipeline', 'prep_pipe', 'transform_target_param', 'display_container', 'fold_shuffle_param', 'create_model_container', 'X_test', 'fix_imbalance_param', 'y_test', 'data_before_preprocess', 'n_jobs_param', 'imputation_regressor', 'stratify_param', '_gpu_n_jobs_param', 'transform_target_method_param', 'imputation_classifier', 'logging_param', '_all_models', 'exp_name_log', '_all_metrics', 'html_param', 'seed', 'target_param', '_all_models_internal'}
2021-04-08 22:51:52,169:INFO:Preparing display monitor
2021-04-08 22:51:52,169:INFO:Preparing display monitor
2021-04-08 22:51:52,209:INFO:Importing libraries
2021-04-08 22:51:52,209:INFO:Copying data for preprocessing
2021-04-08 22:51:52,219:INFO:Declaring preprocessing parameters
2021-04-08 22:51:52,220:INFO:Creating preprocessing pipeline
2021-04-08 22:51:52,228:INFO:Preprocessing pipeline created successfully
2021-04-08 22:51:52,228:ERROR:(Process Exit): setup has been interupted with user command 'quit'. setup must rerun.
2021-04-08 22:51:52,229:INFO:Creating global containers
2021-04-08 22:51:52,231:INFO:Internal pipeline: Pipeline(memory=None, steps=[('empty_step', 'passthrough')], verbose=False)
2021-04-08 22:51:53,058:INFO:Creating grid variables
2021-04-08 22:51:53,147:INFO:create_model_container: 0
2021-04-08 22:51:53,147:INFO:master_model_container: 0
2021-04-08 22:51:53,147:INFO:display_container: 1
2021-04-08 22:51:53,160:INFO:Pipeline(memory=None,
         steps=[('dtypes',
                 DataTypes_Auto_infer(categorical_features=[],
                                      display_types=False, features_todrop=[],
                                      id_columns=[],
                                      ml_usecase='classification',
                                      numerical_features=[], target='Churn',
                                      time_features=[])),
                ('imputer',
                 Simple_Imputer(categorical_strategy='not_available',
                                fill_value_categorical=None,
                                fill_value_numerical=None,
                                numeric_strat...
                ('scaling', 'passthrough'), ('P_transform', 'passthrough'),
                ('binn', 'passthrough'), ('rem_outliers', 'passthrough'),
                ('cluster_all', 'passthrough'),
                ('dummy', Dummify(target='Churn')),
                ('fix_perfect', Remove_100(target='Churn')),
                ('clean_names', Clean_Colum_Names()),
                ('feature_select', 'passthrough'), ('fix_multi', 'passthrough'),
                ('dfs', 'passthrough'), ('pca', 'passthrough')],
         verbose=False)
2021-04-08 22:51:53,160:INFO:setup() succesfully completed......................................
2021-04-08 22:52:45,065:INFO:Initializing compare_models()
2021-04-08 22:52:45,066:INFO:compare_models(include=None, fold=None, round=4, cross_validation=True, sort=Accuracy, n_select=1, budget_time=None, turbo=True, errors=ignore, fit_kwargs=None, groups=None, verbose=True, display=None, exclude=None)
2021-04-08 22:52:45,066:INFO:Checking exceptions
2021-04-08 22:52:45,069:INFO:Preparing display monitor
2021-04-08 22:52:45,069:INFO:Preparing display monitor
2021-04-08 22:52:45,114:INFO:Initializing Logistic Regression
2021-04-08 22:52:45,114:INFO:Total runtime is 0.0 minutes
2021-04-08 22:52:45,126:INFO:SubProcess create_model() called ==================================
2021-04-08 22:52:45,127:INFO:Initializing create_model()
2021-04-08 22:52:45,127:INFO:create_model(estimator=lr, fold=StratifiedKFold(n_splits=10, random_state=None, shuffle=False), round=4, cross_validation=True, predict=True, fit_kwargs={}, groups=None, refit=False, verbose=False, system=False, metrics=None, display=<pycaret.internal.Display.Display object at 0x0000013F35A52850>, kwargs={})
2021-04-08 22:52:45,127:INFO:Checking exceptions
2021-04-08 22:52:45,128:INFO:Importing libraries
2021-04-08 22:52:45,128:INFO:Copying training dataset
2021-04-08 22:52:45,130:INFO:Defining folds
2021-04-08 22:52:45,130:INFO:Declaring metric variables
2021-04-08 22:52:45,142:INFO:Importing untrained model
2021-04-08 22:52:45,159:INFO:Logistic Regression Imported succesfully
2021-04-08 22:52:45,184:INFO:Starting cross validation
2021-04-08 22:52:45,185:INFO:Cross validating with StratifiedKFold(n_splits=10, random_state=None, shuffle=False), n_jobs=-1
2021-04-08 22:53:07,400:INFO:Calculating mean and std
2021-04-08 22:53:07,402:INFO:Creating metrics dataframe
2021-04-08 22:53:07,413:INFO:Uploading results into container
2021-04-08 22:53:07,414:INFO:Uploading model into container now
2021-04-08 22:53:07,414:INFO:create_model_container: 1
2021-04-08 22:53:07,415:INFO:master_model_container: 1
2021-04-08 22:53:07,415:INFO:display_container: 2
2021-04-08 22:53:07,416:INFO:LogisticRegression(C=1.0, class_weight=None, dual=False, fit_intercept=True,
                   intercept_scaling=1, l1_ratio=None, max_iter=1000,
                   multi_class='auto', n_jobs=None, penalty='l2',
                   random_state=123, solver='lbfgs', tol=0.0001, verbose=0,
                   warm_start=False)
2021-04-08 22:53:07,416:INFO:create_model() succesfully completed......................................
2021-04-08 22:53:07,558:INFO:SubProcess create_model() end ==================================
2021-04-08 22:53:07,558:INFO:Creating metrics dataframe
2021-04-08 22:53:07,602:INFO:Initializing K Neighbors Classifier
2021-04-08 22:53:07,602:INFO:Total runtime is 0.3748012820879618 minutes
2021-04-08 22:53:07,624:INFO:SubProcess create_model() called ==================================
2021-04-08 22:53:07,625:INFO:Initializing create_model()
2021-04-08 22:53:07,625:INFO:create_model(estimator=knn, fold=StratifiedKFold(n_splits=10, random_state=None, shuffle=False), round=4, cross_validation=True, predict=True, fit_kwargs={}, groups=None, refit=False, verbose=False, system=False, metrics=None, display=<pycaret.internal.Display.Display object at 0x0000013F35A52850>, kwargs={})
2021-04-08 22:53:07,626:INFO:Checking exceptions
2021-04-08 22:53:07,626:INFO:Importing libraries
2021-04-08 22:53:07,626:INFO:Copying training dataset
2021-04-08 22:53:07,628:INFO:Defining folds
2021-04-08 22:53:07,628:INFO:Declaring metric variables
2021-04-08 22:53:07,647:INFO:Importing untrained model
2021-04-08 22:53:07,665:INFO:K Neighbors Classifier Imported succesfully
2021-04-08 22:53:07,690:INFO:Starting cross validation
2021-04-08 22:53:07,692:INFO:Cross validating with StratifiedKFold(n_splits=10, random_state=None, shuffle=False), n_jobs=-1
2021-04-08 22:53:08,146:INFO:Calculating mean and std
2021-04-08 22:53:08,148:INFO:Creating metrics dataframe
2021-04-08 22:53:08,159:INFO:Uploading results into container
2021-04-08 22:53:08,159:INFO:Uploading model into container now
2021-04-08 22:53:08,159:INFO:create_model_container: 2
2021-04-08 22:53:08,160:INFO:master_model_container: 2
2021-04-08 22:53:08,160:INFO:display_container: 2
2021-04-08 22:53:08,161:INFO:KNeighborsClassifier(algorithm='auto', leaf_size=30, metric='minkowski',
                     metric_params=None, n_jobs=-1, n_neighbors=5, p=2,
                     weights='uniform')
2021-04-08 22:53:08,162:INFO:create_model() succesfully completed......................................
2021-04-08 22:53:08,288:INFO:SubProcess create_model() end ==================================
2021-04-08 22:53:08,288:INFO:Creating metrics dataframe
2021-04-08 22:53:08,328:INFO:Initializing Naive Bayes
2021-04-08 22:53:08,329:INFO:Total runtime is 0.38692769209543865 minutes
2021-04-08 22:53:08,349:INFO:SubProcess create_model() called ==================================
2021-04-08 22:53:08,350:INFO:Initializing create_model()
2021-04-08 22:53:08,351:INFO:create_model(estimator=nb, fold=StratifiedKFold(n_splits=10, random_state=None, shuffle=False), round=4, cross_validation=True, predict=True, fit_kwargs={}, groups=None, refit=False, verbose=False, system=False, metrics=None, display=<pycaret.internal.Display.Display object at 0x0000013F35A52850>, kwargs={})
2021-04-08 22:53:08,351:INFO:Checking exceptions
2021-04-08 22:53:08,351:INFO:Importing libraries
2021-04-08 22:53:08,351:INFO:Copying training dataset
2021-04-08 22:53:08,354:INFO:Defining folds
2021-04-08 22:53:08,354:INFO:Declaring metric variables
2021-04-08 22:53:08,373:INFO:Importing untrained model
2021-04-08 22:53:08,383:INFO:Naive Bayes Imported succesfully
2021-04-08 22:53:08,407:INFO:Starting cross validation
2021-04-08 22:53:08,408:INFO:Cross validating with StratifiedKFold(n_splits=10, random_state=None, shuffle=False), n_jobs=-1
2021-04-08 22:53:08,590:INFO:Calculating mean and std
2021-04-08 22:53:08,592:INFO:Creating metrics dataframe
2021-04-08 22:53:08,604:INFO:Uploading results into container
2021-04-08 22:53:08,604:INFO:Uploading model into container now
2021-04-08 22:53:08,604:INFO:create_model_container: 3
2021-04-08 22:53:08,605:INFO:master_model_container: 3
2021-04-08 22:53:08,605:INFO:display_container: 2
2021-04-08 22:53:08,605:INFO:GaussianNB(priors=None, var_smoothing=1e-09)
2021-04-08 22:53:08,606:INFO:create_model() succesfully completed......................................
2021-04-08 22:53:08,738:INFO:SubProcess create_model() end ==================================
2021-04-08 22:53:08,738:INFO:Creating metrics dataframe
2021-04-08 22:53:08,785:INFO:Initializing Decision Tree Classifier
2021-04-08 22:53:08,785:INFO:Total runtime is 0.3945281585057577 minutes
2021-04-08 22:53:08,806:INFO:SubProcess create_model() called ==================================
2021-04-08 22:53:08,807:INFO:Initializing create_model()
2021-04-08 22:53:08,807:INFO:create_model(estimator=dt, fold=StratifiedKFold(n_splits=10, random_state=None, shuffle=False), round=4, cross_validation=True, predict=True, fit_kwargs={}, groups=None, refit=False, verbose=False, system=False, metrics=None, display=<pycaret.internal.Display.Display object at 0x0000013F35A52850>, kwargs={})
2021-04-08 22:53:08,808:INFO:Checking exceptions
2021-04-08 22:53:08,808:INFO:Importing libraries
2021-04-08 22:53:08,808:INFO:Copying training dataset
2021-04-08 22:53:08,812:INFO:Defining folds
2021-04-08 22:53:08,812:INFO:Declaring metric variables
2021-04-08 22:53:08,830:INFO:Importing untrained model
2021-04-08 22:53:08,845:INFO:Decision Tree Classifier Imported succesfully
2021-04-08 22:53:08,869:INFO:Starting cross validation
2021-04-08 22:53:08,871:INFO:Cross validating with StratifiedKFold(n_splits=10, random_state=None, shuffle=False), n_jobs=-1
2021-04-08 22:53:09,098:INFO:Calculating mean and std
2021-04-08 22:53:09,101:INFO:Creating metrics dataframe
2021-04-08 22:53:09,111:INFO:Uploading results into container
2021-04-08 22:53:09,112:INFO:Uploading model into container now
2021-04-08 22:53:09,112:INFO:create_model_container: 4
2021-04-08 22:53:09,112:INFO:master_model_container: 4
2021-04-08 22:53:09,113:INFO:display_container: 2
2021-04-08 22:53:09,113:INFO:DecisionTreeClassifier(ccp_alpha=0.0, class_weight=None, criterion='gini',
                       max_depth=None, max_features=None, max_leaf_nodes=None,
                       min_impurity_decrease=0.0, min_impurity_split=None,
                       min_samples_leaf=1, min_samples_split=2,
                       min_weight_fraction_leaf=0.0, presort='deprecated',
                       random_state=123, splitter='best')
2021-04-08 22:53:09,114:INFO:create_model() succesfully completed......................................
2021-04-08 22:53:09,240:INFO:SubProcess create_model() end ==================================
2021-04-08 22:53:09,240:INFO:Creating metrics dataframe
2021-04-08 22:53:09,294:INFO:Initializing SVM - Linear Kernel
2021-04-08 22:53:09,294:INFO:Total runtime is 0.403004797299703 minutes
2021-04-08 22:53:09,316:INFO:SubProcess create_model() called ==================================
2021-04-08 22:53:09,316:INFO:Initializing create_model()
2021-04-08 22:53:09,317:INFO:create_model(estimator=svm, fold=StratifiedKFold(n_splits=10, random_state=None, shuffle=False), round=4, cross_validation=True, predict=True, fit_kwargs={}, groups=None, refit=False, verbose=False, system=False, metrics=None, display=<pycaret.internal.Display.Display object at 0x0000013F35A52850>, kwargs={})
2021-04-08 22:53:09,317:INFO:Checking exceptions
2021-04-08 22:53:09,317:INFO:Importing libraries
2021-04-08 22:53:09,317:INFO:Copying training dataset
2021-04-08 22:53:09,320:INFO:Defining folds
2021-04-08 22:53:09,320:INFO:Declaring metric variables
2021-04-08 22:53:09,338:INFO:Importing untrained model
2021-04-08 22:53:09,359:INFO:SVM - Linear Kernel Imported succesfully
2021-04-08 22:53:09,394:INFO:Starting cross validation
2021-04-08 22:53:09,396:INFO:Cross validating with StratifiedKFold(n_splits=10, random_state=None, shuffle=False), n_jobs=-1
2021-04-08 22:53:09,749:INFO:Calculating mean and std
2021-04-08 22:53:09,751:INFO:Creating metrics dataframe
2021-04-08 22:53:09,761:INFO:Uploading results into container
2021-04-08 22:53:09,762:INFO:Uploading model into container now
2021-04-08 22:53:09,762:INFO:create_model_container: 5
2021-04-08 22:53:09,762:INFO:master_model_container: 5
2021-04-08 22:53:09,762:INFO:display_container: 2
2021-04-08 22:53:09,764:INFO:SGDClassifier(alpha=0.0001, average=False, class_weight=None,
              early_stopping=False, epsilon=0.1, eta0=0.001, fit_intercept=True,
              l1_ratio=0.15, learning_rate='optimal', loss='hinge',
              max_iter=1000, n_iter_no_change=5, n_jobs=-1, penalty='l2',
              power_t=0.5, random_state=123, shuffle=True, tol=0.001,
              validation_fraction=0.1, verbose=0, warm_start=False)
2021-04-08 22:53:09,765:INFO:create_model() succesfully completed......................................
2021-04-08 22:53:09,893:INFO:SubProcess create_model() end ==================================
2021-04-08 22:53:09,893:INFO:Creating metrics dataframe
2021-04-08 22:53:09,950:INFO:Initializing Ridge Classifier
2021-04-08 22:53:09,950:INFO:Total runtime is 0.41393183469772343 minutes
2021-04-08 22:53:09,971:INFO:SubProcess create_model() called ==================================
2021-04-08 22:53:09,972:INFO:Initializing create_model()
2021-04-08 22:53:09,972:INFO:create_model(estimator=ridge, fold=StratifiedKFold(n_splits=10, random_state=None, shuffle=False), round=4, cross_validation=True, predict=True, fit_kwargs={}, groups=None, refit=False, verbose=False, system=False, metrics=None, display=<pycaret.internal.Display.Display object at 0x0000013F35A52850>, kwargs={})
2021-04-08 22:53:09,972:INFO:Checking exceptions
2021-04-08 22:53:09,972:INFO:Importing libraries
2021-04-08 22:53:09,972:INFO:Copying training dataset
2021-04-08 22:53:09,975:INFO:Defining folds
2021-04-08 22:53:09,975:INFO:Declaring metric variables
2021-04-08 22:53:09,991:INFO:Importing untrained model
2021-04-08 22:53:10,006:INFO:Ridge Classifier Imported succesfully
2021-04-08 22:53:10,028:INFO:Starting cross validation
2021-04-08 22:53:10,029:INFO:Cross validating with StratifiedKFold(n_splits=10, random_state=None, shuffle=False), n_jobs=-1
2021-04-08 22:53:10,370:INFO:Calculating mean and std
2021-04-08 22:53:10,372:INFO:Creating metrics dataframe
2021-04-08 22:53:10,382:INFO:Uploading results into container
2021-04-08 22:53:10,382:INFO:Uploading model into container now
2021-04-08 22:53:10,382:INFO:create_model_container: 6
2021-04-08 22:53:10,383:INFO:master_model_container: 6
2021-04-08 22:53:10,383:INFO:display_container: 2
2021-04-08 22:53:10,383:INFO:RidgeClassifier(alpha=1.0, class_weight=None, copy_X=True, fit_intercept=True,
                max_iter=None, normalize=False, random_state=123, solver='auto',
                tol=0.001)
2021-04-08 22:53:10,383:INFO:create_model() succesfully completed......................................
2021-04-08 22:53:10,510:INFO:SubProcess create_model() end ==================================
2021-04-08 22:53:10,510:INFO:Creating metrics dataframe
2021-04-08 22:53:10,573:INFO:Initializing Random Forest Classifier
2021-04-08 22:53:10,574:INFO:Total runtime is 0.42434633175532027 minutes
2021-04-08 22:53:10,597:INFO:SubProcess create_model() called ==================================
2021-04-08 22:53:10,598:INFO:Initializing create_model()
2021-04-08 22:53:10,598:INFO:create_model(estimator=rf, fold=StratifiedKFold(n_splits=10, random_state=None, shuffle=False), round=4, cross_validation=True, predict=True, fit_kwargs={}, groups=None, refit=False, verbose=False, system=False, metrics=None, display=<pycaret.internal.Display.Display object at 0x0000013F35A52850>, kwargs={})
2021-04-08 22:53:10,598:INFO:Checking exceptions
2021-04-08 22:53:10,598:INFO:Importing libraries
2021-04-08 22:53:10,598:INFO:Copying training dataset
2021-04-08 22:53:10,601:INFO:Defining folds
2021-04-08 22:53:10,601:INFO:Declaring metric variables
2021-04-08 22:53:10,618:INFO:Importing untrained model
2021-04-08 22:53:10,642:INFO:Random Forest Classifier Imported succesfully
2021-04-08 22:53:10,672:INFO:Starting cross validation
2021-04-08 22:53:10,673:INFO:Cross validating with StratifiedKFold(n_splits=10, random_state=None, shuffle=False), n_jobs=-1
2021-04-08 22:53:13,967:INFO:Calculating mean and std
2021-04-08 22:53:13,969:INFO:Creating metrics dataframe
2021-04-08 22:53:13,981:INFO:Uploading results into container
2021-04-08 22:53:13,982:INFO:Uploading model into container now
2021-04-08 22:53:13,982:INFO:create_model_container: 7
2021-04-08 22:53:13,983:INFO:master_model_container: 7
2021-04-08 22:53:13,983:INFO:display_container: 2
2021-04-08 22:53:13,985:INFO:RandomForestClassifier(bootstrap=True, ccp_alpha=0.0, class_weight=None,
                       criterion='gini', max_depth=None, max_features='auto',
                       max_leaf_nodes=None, max_samples=None,
                       min_impurity_decrease=0.0, min_impurity_split=None,
                       min_samples_leaf=1, min_samples_split=2,
                       min_weight_fraction_leaf=0.0, n_estimators=100,
                       n_jobs=-1, oob_score=False, random_state=123, verbose=0,
                       warm_start=False)
2021-04-08 22:53:13,985:INFO:create_model() succesfully completed......................................
2021-04-08 22:53:14,112:INFO:SubProcess create_model() end ==================================
2021-04-08 22:53:14,112:INFO:Creating metrics dataframe
2021-04-08 22:53:14,178:INFO:Initializing Quadratic Discriminant Analysis
2021-04-08 22:53:14,179:INFO:Total runtime is 0.48442565202713017 minutes
2021-04-08 22:53:14,201:INFO:SubProcess create_model() called ==================================
2021-04-08 22:53:14,202:INFO:Initializing create_model()
2021-04-08 22:53:14,202:INFO:create_model(estimator=qda, fold=StratifiedKFold(n_splits=10, random_state=None, shuffle=False), round=4, cross_validation=True, predict=True, fit_kwargs={}, groups=None, refit=False, verbose=False, system=False, metrics=None, display=<pycaret.internal.Display.Display object at 0x0000013F35A52850>, kwargs={})
2021-04-08 22:53:14,202:INFO:Checking exceptions
2021-04-08 22:53:14,202:INFO:Importing libraries
2021-04-08 22:53:14,203:INFO:Copying training dataset
2021-04-08 22:53:14,206:INFO:Defining folds
2021-04-08 22:53:14,206:INFO:Declaring metric variables
2021-04-08 22:53:14,228:INFO:Importing untrained model
2021-04-08 22:53:14,251:INFO:Quadratic Discriminant Analysis Imported succesfully
2021-04-08 22:53:14,280:INFO:Starting cross validation
2021-04-08 22:53:14,280:INFO:Cross validating with StratifiedKFold(n_splits=10, random_state=None, shuffle=False), n_jobs=-1
2021-04-08 22:53:14,461:INFO:Calculating mean and std
2021-04-08 22:53:14,463:INFO:Creating metrics dataframe
2021-04-08 22:53:14,474:INFO:Uploading results into container
2021-04-08 22:53:14,474:INFO:Uploading model into container now
2021-04-08 22:53:14,475:INFO:create_model_container: 8
2021-04-08 22:53:14,475:INFO:master_model_container: 8
2021-04-08 22:53:14,475:INFO:display_container: 2
2021-04-08 22:53:14,476:INFO:QuadraticDiscriminantAnalysis(priors=None, reg_param=0.0,
                              store_covariance=False, tol=0.0001)
2021-04-08 22:53:14,476:INFO:create_model() succesfully completed......................................
2021-04-08 22:53:14,601:INFO:SubProcess create_model() end ==================================
2021-04-08 22:53:14,602:INFO:Creating metrics dataframe
2021-04-08 22:53:14,677:INFO:Initializing Ada Boost Classifier
2021-04-08 22:53:14,678:INFO:Total runtime is 0.4927382826805115 minutes
2021-04-08 22:53:14,699:INFO:SubProcess create_model() called ==================================
2021-04-08 22:53:14,700:INFO:Initializing create_model()
2021-04-08 22:53:14,700:INFO:create_model(estimator=ada, fold=StratifiedKFold(n_splits=10, random_state=None, shuffle=False), round=4, cross_validation=True, predict=True, fit_kwargs={}, groups=None, refit=False, verbose=False, system=False, metrics=None, display=<pycaret.internal.Display.Display object at 0x0000013F35A52850>, kwargs={})
2021-04-08 22:53:14,700:INFO:Checking exceptions
2021-04-08 22:53:14,701:INFO:Importing libraries
2021-04-08 22:53:14,701:INFO:Copying training dataset
2021-04-08 22:53:14,703:INFO:Defining folds
2021-04-08 22:53:14,703:INFO:Declaring metric variables
2021-04-08 22:53:14,722:INFO:Importing untrained model
2021-04-08 22:53:14,741:INFO:Ada Boost Classifier Imported succesfully
2021-04-08 22:53:14,763:INFO:Starting cross validation
2021-04-08 22:53:14,764:INFO:Cross validating with StratifiedKFold(n_splits=10, random_state=None, shuffle=False), n_jobs=-1
2021-04-08 22:53:16,502:INFO:Calculating mean and std
2021-04-08 22:53:16,504:INFO:Creating metrics dataframe
2021-04-08 22:53:16,513:INFO:Uploading results into container
2021-04-08 22:53:16,513:INFO:Uploading model into container now
2021-04-08 22:53:16,513:INFO:create_model_container: 9
2021-04-08 22:53:16,513:INFO:master_model_container: 9
2021-04-08 22:53:16,513:INFO:display_container: 2
2021-04-08 22:53:16,514:INFO:AdaBoostClassifier(algorithm='SAMME.R', base_estimator=None, learning_rate=1.0,
                   n_estimators=50, random_state=123)
2021-04-08 22:53:16,514:INFO:create_model() succesfully completed......................................
2021-04-08 22:53:16,637:INFO:SubProcess create_model() end ==================================
2021-04-08 22:53:16,637:INFO:Creating metrics dataframe
2021-04-08 22:53:16,716:INFO:Initializing Gradient Boosting Classifier
2021-04-08 22:53:16,716:INFO:Total runtime is 0.5266993363698323 minutes
2021-04-08 22:53:16,731:INFO:SubProcess create_model() called ==================================
2021-04-08 22:53:16,732:INFO:Initializing create_model()
2021-04-08 22:53:16,732:INFO:create_model(estimator=gbc, fold=StratifiedKFold(n_splits=10, random_state=None, shuffle=False), round=4, cross_validation=True, predict=True, fit_kwargs={}, groups=None, refit=False, verbose=False, system=False, metrics=None, display=<pycaret.internal.Display.Display object at 0x0000013F35A52850>, kwargs={})
2021-04-08 22:53:16,733:INFO:Checking exceptions
2021-04-08 22:53:16,734:INFO:Importing libraries
2021-04-08 22:53:16,734:INFO:Copying training dataset
2021-04-08 22:53:16,736:INFO:Defining folds
2021-04-08 22:53:16,736:INFO:Declaring metric variables
2021-04-08 22:53:16,756:INFO:Importing untrained model
2021-04-08 22:53:16,774:INFO:Gradient Boosting Classifier Imported succesfully
2021-04-08 22:53:16,796:INFO:Starting cross validation
2021-04-08 22:53:16,797:INFO:Cross validating with StratifiedKFold(n_splits=10, random_state=None, shuffle=False), n_jobs=-1
2021-04-08 22:53:21,211:INFO:Calculating mean and std
2021-04-08 22:53:21,213:INFO:Creating metrics dataframe
2021-04-08 22:53:21,225:INFO:Uploading results into container
2021-04-08 22:53:21,226:INFO:Uploading model into container now
2021-04-08 22:53:21,226:INFO:create_model_container: 10
2021-04-08 22:53:21,227:INFO:master_model_container: 10
2021-04-08 22:53:21,227:INFO:display_container: 2
2021-04-08 22:53:21,229:INFO:GradientBoostingClassifier(ccp_alpha=0.0, criterion='friedman_mse', init=None,
                           learning_rate=0.1, loss='deviance', max_depth=3,
                           max_features=None, max_leaf_nodes=None,
                           min_impurity_decrease=0.0, min_impurity_split=None,
                           min_samples_leaf=1, min_samples_split=2,
                           min_weight_fraction_leaf=0.0, n_estimators=100,
                           n_iter_no_change=None, presort='deprecated',
                           random_state=123, subsample=1.0, tol=0.0001,
                           validation_fraction=0.1, verbose=0,
                           warm_start=False)
2021-04-08 22:53:21,229:INFO:create_model() succesfully completed......................................
2021-04-08 22:53:21,354:INFO:SubProcess create_model() end ==================================
2021-04-08 22:53:21,355:INFO:Creating metrics dataframe
2021-04-08 22:53:21,444:INFO:Initializing Linear Discriminant Analysis
2021-04-08 22:53:21,444:INFO:Total runtime is 0.6055133859316508 minutes
2021-04-08 22:53:21,474:INFO:SubProcess create_model() called ==================================
2021-04-08 22:53:21,475:INFO:Initializing create_model()
2021-04-08 22:53:21,475:INFO:create_model(estimator=lda, fold=StratifiedKFold(n_splits=10, random_state=None, shuffle=False), round=4, cross_validation=True, predict=True, fit_kwargs={}, groups=None, refit=False, verbose=False, system=False, metrics=None, display=<pycaret.internal.Display.Display object at 0x0000013F35A52850>, kwargs={})
2021-04-08 22:53:21,475:INFO:Checking exceptions
2021-04-08 22:53:21,475:INFO:Importing libraries
2021-04-08 22:53:21,475:INFO:Copying training dataset
2021-04-08 22:53:21,477:INFO:Defining folds
2021-04-08 22:53:21,477:INFO:Declaring metric variables
2021-04-08 22:53:21,496:INFO:Importing untrained model
2021-04-08 22:53:21,521:INFO:Linear Discriminant Analysis Imported succesfully
2021-04-08 22:53:21,556:INFO:Starting cross validation
2021-04-08 22:53:21,558:INFO:Cross validating with StratifiedKFold(n_splits=10, random_state=None, shuffle=False), n_jobs=-1
2021-04-08 22:53:21,892:INFO:Calculating mean and std
2021-04-08 22:53:21,894:INFO:Creating metrics dataframe
2021-04-08 22:53:21,904:INFO:Uploading results into container
2021-04-08 22:53:21,905:INFO:Uploading model into container now
2021-04-08 22:53:21,905:INFO:create_model_container: 11
2021-04-08 22:53:21,906:INFO:master_model_container: 11
2021-04-08 22:53:21,906:INFO:display_container: 2
2021-04-08 22:53:21,907:INFO:LinearDiscriminantAnalysis(n_components=None, priors=None, shrinkage=None,
                           solver='svd', store_covariance=False, tol=0.0001)
2021-04-08 22:53:21,907:INFO:create_model() succesfully completed......................................
2021-04-08 22:53:22,033:INFO:SubProcess create_model() end ==================================
2021-04-08 22:53:22,033:INFO:Creating metrics dataframe
2021-04-08 22:53:22,122:INFO:Initializing Extra Trees Classifier
2021-04-08 22:53:22,122:INFO:Total runtime is 0.6168006618817647 minutes
2021-04-08 22:53:22,141:INFO:SubProcess create_model() called ==================================
2021-04-08 22:53:22,142:INFO:Initializing create_model()
2021-04-08 22:53:22,142:INFO:create_model(estimator=et, fold=StratifiedKFold(n_splits=10, random_state=None, shuffle=False), round=4, cross_validation=True, predict=True, fit_kwargs={}, groups=None, refit=False, verbose=False, system=False, metrics=None, display=<pycaret.internal.Display.Display object at 0x0000013F35A52850>, kwargs={})
2021-04-08 22:53:22,142:INFO:Checking exceptions
2021-04-08 22:53:22,142:INFO:Importing libraries
2021-04-08 22:53:22,142:INFO:Copying training dataset
2021-04-08 22:53:22,144:INFO:Defining folds
2021-04-08 22:53:22,144:INFO:Declaring metric variables
2021-04-08 22:53:22,154:INFO:Importing untrained model
2021-04-08 22:53:22,167:INFO:Extra Trees Classifier Imported succesfully
2021-04-08 22:53:22,197:INFO:Starting cross validation
2021-04-08 22:53:22,198:INFO:Cross validating with StratifiedKFold(n_splits=10, random_state=None, shuffle=False), n_jobs=-1
2021-04-08 22:53:25,198:INFO:Calculating mean and std
2021-04-08 22:53:25,200:INFO:Creating metrics dataframe
2021-04-08 22:53:25,213:INFO:Uploading results into container
2021-04-08 22:53:25,213:INFO:Uploading model into container now
2021-04-08 22:53:25,214:INFO:create_model_container: 12
2021-04-08 22:53:25,214:INFO:master_model_container: 12
2021-04-08 22:53:25,215:INFO:display_container: 2
2021-04-08 22:53:25,216:INFO:ExtraTreesClassifier(bootstrap=False, ccp_alpha=0.0, class_weight=None,
                     criterion='gini', max_depth=None, max_features='auto',
                     max_leaf_nodes=None, max_samples=None,
                     min_impurity_decrease=0.0, min_impurity_split=None,
                     min_samples_leaf=1, min_samples_split=2,
                     min_weight_fraction_leaf=0.0, n_estimators=100, n_jobs=-1,
                     oob_score=False, random_state=123, verbose=0,
                     warm_start=False)
2021-04-08 22:53:25,216:INFO:create_model() succesfully completed......................................
2021-04-08 22:53:25,343:INFO:SubProcess create_model() end ==================================
2021-04-08 22:53:25,343:INFO:Creating metrics dataframe
2021-04-08 22:53:25,439:INFO:Initializing Extreme Gradient Boosting
2021-04-08 22:53:25,439:INFO:Total runtime is 0.672088905175527 minutes
2021-04-08 22:53:25,461:INFO:SubProcess create_model() called ==================================
2021-04-08 22:53:25,462:INFO:Initializing create_model()
2021-04-08 22:53:25,462:INFO:create_model(estimator=xgboost, fold=StratifiedKFold(n_splits=10, random_state=None, shuffle=False), round=4, cross_validation=True, predict=True, fit_kwargs={}, groups=None, refit=False, verbose=False, system=False, metrics=None, display=<pycaret.internal.Display.Display object at 0x0000013F35A52850>, kwargs={})
2021-04-08 22:53:25,462:INFO:Checking exceptions
2021-04-08 22:53:25,463:INFO:Importing libraries
2021-04-08 22:53:25,463:INFO:Copying training dataset
2021-04-08 22:53:25,466:INFO:Defining folds
2021-04-08 22:53:25,466:INFO:Declaring metric variables
2021-04-08 22:53:25,487:INFO:Importing untrained model
2021-04-08 22:53:25,504:INFO:Extreme Gradient Boosting Imported succesfully
2021-04-08 22:53:25,532:INFO:Starting cross validation
2021-04-08 22:53:25,534:WARNING:create_model() for xgboost raised an exception or returned all 0.0, trying without fit_kwargs:
2021-04-08 22:53:25,540:WARNING:Traceback (most recent call last):
  File "C:\Users\LOKSUNDAR\anaconda3\lib\site-packages\pycaret\internal\pipeline.py", line 223, in add_estimator_to_pipeline
    assert hasattr(pipeline._final_estimator, "predict")
AssertionError

During handling of the above exception, another exception occurred:

Traceback (most recent call last):
  File "C:\Users\LOKSUNDAR\anaconda3\lib\site-packages\pycaret\internal\tabular.py", line 2163, in compare_models
    model, model_fit_time = create_model_supervised(
  File "C:\Users\LOKSUNDAR\anaconda3\lib\site-packages\pycaret\internal\tabular.py", line 3107, in create_model_supervised
    with estimator_pipeline(_internal_pipeline, model) as pipeline_with_model:
  File "C:\Users\LOKSUNDAR\anaconda3\lib\site-packages\pycaret\internal\pipeline.py", line 205, in __enter__
    add_estimator_to_pipeline(self.pipeline, self.estimator)
  File "C:\Users\LOKSUNDAR\anaconda3\lib\site-packages\pycaret\internal\pipeline.py", line 228, in add_estimator_to_pipeline
    pipeline._carry_over_final_estimator_fit_vars()
  File "C:\Users\LOKSUNDAR\anaconda3\lib\site-packages\pycaret\internal\pipeline.py", line 57, in _carry_over_final_estimator_fit_vars
    for k, v in get_all_object_vars_and_properties(
  File "C:\Users\LOKSUNDAR\anaconda3\lib\site-packages\pycaret\internal\utils.py", line 571, in get_all_object_vars_and_properties
    return {
  File "C:\Users\LOKSUNDAR\anaconda3\lib\site-packages\pycaret\internal\utils.py", line 574, in <dictcomp>
    if k[:2] != "__" and type(getattr(object, k, "")).__name__ != "method"
  File "C:\Users\LOKSUNDAR\anaconda3\lib\site-packages\xgboost\sklearn.py", line 687, in feature_importances_
    b = self.get_booster()
  File "C:\Users\LOKSUNDAR\anaconda3\lib\site-packages\xgboost\sklearn.py", line 261, in get_booster
    raise XGBoostError('need to call fit or load_model beforehand')
xgboost.core.XGBoostError: need to call fit or load_model beforehand

2021-04-08 22:53:25,540:INFO:Initializing create_model()
2021-04-08 22:53:25,540:INFO:create_model(estimator=xgboost, fold=StratifiedKFold(n_splits=10, random_state=None, shuffle=False), round=4, cross_validation=True, predict=True, fit_kwargs=None, groups=None, refit=False, verbose=False, system=False, metrics=None, display=<pycaret.internal.Display.Display object at 0x0000013F35A52850>, kwargs={})
2021-04-08 22:53:25,540:INFO:Checking exceptions
2021-04-08 22:53:25,540:INFO:Importing libraries
2021-04-08 22:53:25,540:INFO:Copying training dataset
2021-04-08 22:53:25,542:INFO:Defining folds
2021-04-08 22:53:25,542:INFO:Declaring metric variables
2021-04-08 22:53:25,554:INFO:Importing untrained model
2021-04-08 22:53:25,565:INFO:Extreme Gradient Boosting Imported succesfully
2021-04-08 22:53:25,589:INFO:Starting cross validation
2021-04-08 22:53:25,590:ERROR:create_model() for xgboost raised an exception:
2021-04-08 22:53:25,591:ERROR:Traceback (most recent call last):
  File "C:\Users\LOKSUNDAR\anaconda3\lib\site-packages\pycaret\internal\pipeline.py", line 223, in add_estimator_to_pipeline
    assert hasattr(pipeline._final_estimator, "predict")
AssertionError

During handling of the above exception, another exception occurred:

Traceback (most recent call last):
  File "C:\Users\LOKSUNDAR\anaconda3\lib\site-packages\pycaret\internal\tabular.py", line 2163, in compare_models
    model, model_fit_time = create_model_supervised(
  File "C:\Users\LOKSUNDAR\anaconda3\lib\site-packages\pycaret\internal\tabular.py", line 3107, in create_model_supervised
    with estimator_pipeline(_internal_pipeline, model) as pipeline_with_model:
  File "C:\Users\LOKSUNDAR\anaconda3\lib\site-packages\pycaret\internal\pipeline.py", line 205, in __enter__
    add_estimator_to_pipeline(self.pipeline, self.estimator)
  File "C:\Users\LOKSUNDAR\anaconda3\lib\site-packages\pycaret\internal\pipeline.py", line 228, in add_estimator_to_pipeline
    pipeline._carry_over_final_estimator_fit_vars()
  File "C:\Users\LOKSUNDAR\anaconda3\lib\site-packages\pycaret\internal\pipeline.py", line 57, in _carry_over_final_estimator_fit_vars
    for k, v in get_all_object_vars_and_properties(
  File "C:\Users\LOKSUNDAR\anaconda3\lib\site-packages\pycaret\internal\utils.py", line 571, in get_all_object_vars_and_properties
    return {
  File "C:\Users\LOKSUNDAR\anaconda3\lib\site-packages\pycaret\internal\utils.py", line 574, in <dictcomp>
    if k[:2] != "__" and type(getattr(object, k, "")).__name__ != "method"
  File "C:\Users\LOKSUNDAR\anaconda3\lib\site-packages\xgboost\sklearn.py", line 687, in feature_importances_
    b = self.get_booster()
  File "C:\Users\LOKSUNDAR\anaconda3\lib\site-packages\xgboost\sklearn.py", line 261, in get_booster
    raise XGBoostError('need to call fit or load_model beforehand')
xgboost.core.XGBoostError: need to call fit or load_model beforehand

During handling of the above exception, another exception occurred:

Traceback (most recent call last):
  File "C:\Users\LOKSUNDAR\anaconda3\lib\site-packages\pycaret\internal\pipeline.py", line 223, in add_estimator_to_pipeline
    assert hasattr(pipeline._final_estimator, "predict")
AssertionError

During handling of the above exception, another exception occurred:

Traceback (most recent call last):
  File "C:\Users\LOKSUNDAR\anaconda3\lib\site-packages\pycaret\internal\tabular.py", line 2183, in compare_models
    model, model_fit_time = create_model_supervised(
  File "C:\Users\LOKSUNDAR\anaconda3\lib\site-packages\pycaret\internal\tabular.py", line 3107, in create_model_supervised
    with estimator_pipeline(_internal_pipeline, model) as pipeline_with_model:
  File "C:\Users\LOKSUNDAR\anaconda3\lib\site-packages\pycaret\internal\pipeline.py", line 205, in __enter__
    add_estimator_to_pipeline(self.pipeline, self.estimator)
  File "C:\Users\LOKSUNDAR\anaconda3\lib\site-packages\pycaret\internal\pipeline.py", line 228, in add_estimator_to_pipeline
    pipeline._carry_over_final_estimator_fit_vars()
  File "C:\Users\LOKSUNDAR\anaconda3\lib\site-packages\pycaret\internal\pipeline.py", line 57, in _carry_over_final_estimator_fit_vars
    for k, v in get_all_object_vars_and_properties(
  File "C:\Users\LOKSUNDAR\anaconda3\lib\site-packages\pycaret\internal\utils.py", line 571, in get_all_object_vars_and_properties
    return {
  File "C:\Users\LOKSUNDAR\anaconda3\lib\site-packages\pycaret\internal\utils.py", line 574, in <dictcomp>
    if k[:2] != "__" and type(getattr(object, k, "")).__name__ != "method"
  File "C:\Users\LOKSUNDAR\anaconda3\lib\site-packages\xgboost\sklearn.py", line 687, in feature_importances_
    b = self.get_booster()
  File "C:\Users\LOKSUNDAR\anaconda3\lib\site-packages\xgboost\sklearn.py", line 261, in get_booster
    raise XGBoostError('need to call fit or load_model beforehand')
xgboost.core.XGBoostError: need to call fit or load_model beforehand

2021-04-08 22:53:25,591:INFO:Initializing Light Gradient Boosting Machine
2021-04-08 22:53:25,591:INFO:Total runtime is 0.6746225833892823 minutes
2021-04-08 22:53:25,603:INFO:SubProcess create_model() called ==================================
2021-04-08 22:53:25,603:INFO:Initializing create_model()
2021-04-08 22:53:25,604:INFO:create_model(estimator=lightgbm, fold=StratifiedKFold(n_splits=10, random_state=None, shuffle=False), round=4, cross_validation=True, predict=True, fit_kwargs={}, groups=None, refit=False, verbose=False, system=False, metrics=None, display=<pycaret.internal.Display.Display object at 0x0000013F35A52850>, kwargs={})
2021-04-08 22:53:25,604:INFO:Checking exceptions
2021-04-08 22:53:25,604:INFO:Importing libraries
2021-04-08 22:53:25,604:INFO:Copying training dataset
2021-04-08 22:53:25,606:INFO:Defining folds
2021-04-08 22:53:25,606:INFO:Declaring metric variables
2021-04-08 22:53:25,621:INFO:Importing untrained model
2021-04-08 22:53:25,630:INFO:Light Gradient Boosting Machine Imported succesfully
2021-04-08 22:53:25,654:INFO:Starting cross validation
2021-04-08 22:53:25,655:INFO:Cross validating with StratifiedKFold(n_splits=10, random_state=None, shuffle=False), n_jobs=-1
2021-04-08 22:53:26,658:INFO:Calculating mean and std
2021-04-08 22:53:26,661:INFO:Creating metrics dataframe
2021-04-08 22:53:26,673:INFO:Uploading results into container
2021-04-08 22:53:26,673:INFO:Uploading model into container now
2021-04-08 22:53:26,673:INFO:create_model_container: 13
2021-04-08 22:53:26,673:INFO:master_model_container: 13
2021-04-08 22:53:26,673:INFO:display_container: 2
2021-04-08 22:53:26,675:INFO:LGBMClassifier(boosting_type='gbdt', class_weight=None, colsample_bytree=1.0,
               importance_type='split', learning_rate=0.1, max_depth=-1,
               min_child_samples=20, min_child_weight=0.001, min_split_gain=0.0,
               n_estimators=100, n_jobs=-1, num_leaves=31, objective=None,
               random_state=123, reg_alpha=0.0, reg_lambda=0.0, silent=True,
               subsample=1.0, subsample_for_bin=200000, subsample_freq=0)
2021-04-08 22:53:26,675:INFO:create_model() succesfully completed......................................
2021-04-08 22:53:26,801:INFO:SubProcess create_model() end ==================================
2021-04-08 22:53:26,801:INFO:Creating metrics dataframe
2021-04-08 22:53:26,916:INFO:Initializing CatBoost Classifier
2021-04-08 22:53:26,916:INFO:Total runtime is 0.6967017968495687 minutes
2021-04-08 22:53:26,930:INFO:SubProcess create_model() called ==================================
2021-04-08 22:53:26,931:INFO:Initializing create_model()
2021-04-08 22:53:26,931:INFO:create_model(estimator=catboost, fold=StratifiedKFold(n_splits=10, random_state=None, shuffle=False), round=4, cross_validation=True, predict=True, fit_kwargs={}, groups=None, refit=False, verbose=False, system=False, metrics=None, display=<pycaret.internal.Display.Display object at 0x0000013F35A52850>, kwargs={})
2021-04-08 22:53:26,931:INFO:Checking exceptions
2021-04-08 22:53:26,931:INFO:Importing libraries
2021-04-08 22:53:26,931:INFO:Copying training dataset
2021-04-08 22:53:26,932:INFO:Defining folds
2021-04-08 22:53:26,933:INFO:Declaring metric variables
2021-04-08 22:53:26,943:INFO:Importing untrained model
2021-04-08 22:53:26,956:INFO:CatBoost Classifier Imported succesfully
2021-04-08 22:53:26,979:INFO:Starting cross validation
2021-04-08 22:53:27,075:INFO:Cross validating with StratifiedKFold(n_splits=10, random_state=None, shuffle=False), n_jobs=-1
2021-04-08 22:53:49,398:INFO:Calculating mean and std
2021-04-08 22:53:49,401:INFO:Creating metrics dataframe
2021-04-08 22:53:49,415:INFO:Uploading results into container
2021-04-08 22:53:49,415:INFO:Uploading model into container now
2021-04-08 22:53:49,415:INFO:create_model_container: 14
2021-04-08 22:53:49,416:INFO:master_model_container: 14
2021-04-08 22:53:49,416:INFO:display_container: 2
2021-04-08 22:53:49,417:INFO:<catboost.core.CatBoostClassifier object at 0x0000013F467E91C0>
2021-04-08 22:53:49,417:INFO:create_model() succesfully completed......................................
2021-04-08 22:53:49,586:WARNING:create_model() for <catboost.core.CatBoostClassifier object at 0x0000013F467E91C0> raised an exception or returned all 0.0, trying without fit_kwargs:
2021-04-08 22:53:49,587:WARNING:Traceback (most recent call last):
  File "C:\Users\LOKSUNDAR\anaconda3\lib\site-packages\pycaret\internal\tabular.py", line 2176, in compare_models
    assert np.sum(model_results.iloc[0]) != 0.0
AssertionError

2021-04-08 22:53:49,588:INFO:Initializing create_model()
2021-04-08 22:53:49,589:INFO:create_model(estimator=<catboost.core.CatBoostClassifier object at 0x0000013F467E91C0>, fold=StratifiedKFold(n_splits=10, random_state=None, shuffle=False), round=4, cross_validation=True, predict=True, fit_kwargs=None, groups=None, refit=False, verbose=False, system=False, metrics=None, display=<pycaret.internal.Display.Display object at 0x0000013F35A52850>, kwargs={})
2021-04-08 22:53:49,589:INFO:Checking exceptions
2021-04-08 22:53:49,589:INFO:Importing libraries
2021-04-08 22:53:49,589:INFO:Copying training dataset
2021-04-08 22:53:49,592:INFO:Defining folds
2021-04-08 22:53:49,592:INFO:Declaring metric variables
2021-04-08 22:53:49,623:INFO:Importing untrained model
2021-04-08 22:53:49,623:INFO:Declaring custom model
2021-04-08 22:53:49,644:INFO:CatBoost Classifier Imported succesfully
2021-04-08 22:53:49,677:INFO:Starting cross validation
2021-04-08 22:53:49,678:INFO:Cross validating with StratifiedKFold(n_splits=10, random_state=None, shuffle=False), n_jobs=-1
2021-04-08 22:55:09,270:INFO:Calculating mean and std
2021-04-08 22:55:09,271:INFO:Creating metrics dataframe
2021-04-08 22:55:09,279:INFO:Uploading results into container
2021-04-08 22:55:09,280:INFO:Uploading model into container now
2021-04-08 22:55:09,280:INFO:create_model_container: 15
2021-04-08 22:55:09,280:INFO:master_model_container: 15
2021-04-08 22:55:09,280:INFO:display_container: 2
2021-04-08 22:55:09,280:INFO:<catboost.core.CatBoostClassifier object at 0x0000013F467B3040>
2021-04-08 22:55:09,280:INFO:create_model() succesfully completed......................................
2021-04-08 22:55:09,454:INFO:SubProcess create_model() end ==================================
2021-04-08 22:55:09,454:INFO:Creating metrics dataframe
2021-04-08 22:55:09,729:INFO:Initializing create_model()
2021-04-08 22:55:09,729:INFO:create_model(estimator=AdaBoostClassifier(algorithm='SAMME.R', base_estimator=None, learning_rate=1.0,
                   n_estimators=50, random_state=123), fold=StratifiedKFold(n_splits=10, random_state=None, shuffle=False), round=4, cross_validation=False, predict=False, fit_kwargs={}, groups=None, refit=True, verbose=False, system=False, metrics=None, display=None, kwargs={})
2021-04-08 22:55:09,730:INFO:Checking exceptions
2021-04-08 22:55:09,730:INFO:Importing libraries
2021-04-08 22:55:09,730:INFO:Copying training dataset
2021-04-08 22:55:09,731:INFO:Defining folds
2021-04-08 22:55:09,732:INFO:Declaring metric variables
2021-04-08 22:55:09,732:INFO:Importing untrained model
2021-04-08 22:55:09,732:INFO:Declaring custom model
2021-04-08 22:55:09,733:INFO:Ada Boost Classifier Imported succesfully
2021-04-08 22:55:09,734:INFO:Cross validation set to False
2021-04-08 22:55:09,734:INFO:Fitting Model
2021-04-08 22:55:10,436:INFO:AdaBoostClassifier(algorithm='SAMME.R', base_estimator=None, learning_rate=1.0,
                   n_estimators=50, random_state=123)
2021-04-08 22:55:10,436:INFO:create_models() succesfully completed......................................
2021-04-08 22:55:10,799:INFO:create_model_container: 15
2021-04-08 22:55:10,800:INFO:master_model_container: 15
2021-04-08 22:55:10,800:INFO:display_container: 2
2021-04-08 22:55:10,801:INFO:AdaBoostClassifier(algorithm='SAMME.R', base_estimator=None, learning_rate=1.0,
                   n_estimators=50, random_state=123)
2021-04-08 22:55:10,801:INFO:compare_models() succesfully completed......................................
